0 info it worked if it ends with ok
1 verbose cli [ '/usr/bin/node', '/usr/bin/npm', 'install', '-g', 'bower' ]
2 info using npm@1.4.28
3 info using node@v0.10.37
4 verbose node symlink /usr/bin/node
5 verbose cache add [ 'bower', null ]
6 verbose cache add name=undefined spec="bower" args=["bower",null]
7 verbose parsed url { protocol: null,
7 verbose parsed url   slashes: null,
7 verbose parsed url   auth: null,
7 verbose parsed url   host: null,
7 verbose parsed url   port: null,
7 verbose parsed url   hostname: null,
7 verbose parsed url   hash: null,
7 verbose parsed url   search: null,
7 verbose parsed url   query: null,
7 verbose parsed url   pathname: 'bower',
7 verbose parsed url   path: 'bower',
7 verbose parsed url   href: 'bower' }
8 silly lockFile 206e3ce5-bower bower
9 verbose lock bower /home/mokhles/.npm/206e3ce5-bower.lock
10 silly lockFile 206e3ce5-bower bower
11 silly lockFile 206e3ce5-bower bower
12 verbose addNamed [ 'bower', '' ]
13 verbose addNamed [ null, '*' ]
14 silly lockFile 1240aab1-bower bower@
15 verbose lock bower@ /home/mokhles/.npm/1240aab1-bower.lock
16 silly addNameRange { name: 'bower', range: '*', hasData: false }
17 verbose request where is /bower
18 verbose request registry https://registry.npmjs.org/
19 verbose request id f4f8b58059f5f71e
20 verbose url raw /bower
21 verbose url resolving [ 'https://registry.npmjs.org/', './bower' ]
22 verbose url resolved https://registry.npmjs.org/bower
23 verbose request where is https://registry.npmjs.org/bower
24 info trying registry request attempt 1 at 01:03:23
25 verbose etag "AQ4GEGSUZ1PRKJKGQ6P5L7X1C"
26 http GET https://registry.npmjs.org/bower
27 http 304 https://registry.npmjs.org/bower
28 silly registry.get cb [ 304,
28 silly registry.get   { date: 'Thu, 19 Nov 2015 00:03:24 GMT',
28 silly registry.get     via: '1.1 varnish',
28 silly registry.get     'cache-control': 'max-age=60',
28 silly registry.get     etag: '"AQ4GEGSUZ1PRKJKGQ6P5L7X1C"',
28 silly registry.get     age: '60',
28 silly registry.get     connection: 'keep-alive',
28 silly registry.get     'x-served-by': 'cache-lcy1130-LCY',
28 silly registry.get     'x-cache': 'HIT',
28 silly registry.get     'x-cache-hits': '1',
28 silly registry.get     'x-timer': 'S1447891404.043552,VS0,VE0',
28 silly registry.get     vary: 'Accept' } ]
29 verbose etag https://registry.npmjs.org/bower from cache
30 silly addNameRange number 2 { name: 'bower', range: '*', hasData: true }
31 silly addNameRange versions [ 'bower',
31 silly addNameRange   [ '0.1.0',
31 silly addNameRange     '0.1.2',
31 silly addNameRange     '0.1.3',
31 silly addNameRange     '0.2.0',
31 silly addNameRange     '0.3.0',
31 silly addNameRange     '0.3.1',
31 silly addNameRange     '0.3.2',
31 silly addNameRange     '0.4.0',
31 silly addNameRange     '0.5.0',
31 silly addNameRange     '0.5.1',
31 silly addNameRange     '0.6.0',
31 silly addNameRange     '0.6.1',
31 silly addNameRange     '0.6.2',
31 silly addNameRange     '0.6.3',
31 silly addNameRange     '0.6.4',
31 silly addNameRange     '0.6.5',
31 silly addNameRange     '0.6.6',
31 silly addNameRange     '0.6.7',
31 silly addNameRange     '0.6.8',
31 silly addNameRange     '0.7.0',
31 silly addNameRange     '0.7.1',
31 silly addNameRange     '0.8.0',
31 silly addNameRange     '0.8.1',
31 silly addNameRange     '0.8.2',
31 silly addNameRange     '0.8.3',
31 silly addNameRange     '0.8.4',
31 silly addNameRange     '0.8.5',
31 silly addNameRange     '0.8.6',
31 silly addNameRange     '0.9.0',
31 silly addNameRange     '0.9.1',
31 silly addNameRange     '0.9.2',
31 silly addNameRange     '0.10.0',
31 silly addNameRange     '1.0.0',
31 silly addNameRange     '1.0.1',
31 silly addNameRange     '1.0.2',
31 silly addNameRange     '1.0.3',
31 silly addNameRange     '1.1.0',
31 silly addNameRange     '1.1.1',
31 silly addNameRange     '1.1.2',
31 silly addNameRange     '1.2.0',
31 silly addNameRange     '1.2.1',
31 silly addNameRange     '1.2.2',
31 silly addNameRange     '1.2.3',
31 silly addNameRange     '1.2.4',
31 silly addNameRange     '1.2.5',
31 silly addNameRange     '1.2.6',
31 silly addNameRange     '1.2.7',
31 silly addNameRange     '1.2.8',
31 silly addNameRange     '1.3.0',
31 silly addNameRange     '1.3.1',
31 silly addNameRange     '1.3.2',
31 silly addNameRange     '1.3.3',
31 silly addNameRange     '1.3.4',
31 silly addNameRange     '1.3.5',
31 silly addNameRange     '1.3.6',
31 silly addNameRange     '1.3.7',
31 silly addNameRange     '1.3.8',
31 silly addNameRange     '1.3.9',
31 silly addNameRange     '1.3.10',
31 silly addNameRange     '1.3.11',
31 silly addNameRange     '1.3.12',
31 silly addNameRange     '1.4.0',
31 silly addNameRange     '1.4.1',
31 silly addNameRange     '1.5.0',
31 silly addNameRange     '1.5.1',
31 silly addNameRange     '1.5.2',
31 silly addNameRange     '1.5.3',
31 silly addNameRange     '1.6.2',
31 silly addNameRange     '1.6.3',
31 silly addNameRange     '1.6.4',
31 silly addNameRange     '1.6.5' ] ]
32 verbose addNamed [ 'bower', '1.6.5' ]
33 verbose addNamed [ '1.6.5', '1.6.5' ]
34 silly lockFile ffc9c2be-bower-1-6-5 bower@1.6.5
35 verbose lock bower@1.6.5 /home/mokhles/.npm/ffc9c2be-bower-1-6-5.lock
36 silly lockFile ffc9c2be-bower-1-6-5 bower@1.6.5
37 silly lockFile ffc9c2be-bower-1-6-5 bower@1.6.5
38 silly lockFile 1240aab1-bower bower@
39 silly lockFile 1240aab1-bower bower@
40 silly resolved [ { name: 'bower',
40 silly resolved     version: '1.6.5',
40 silly resolved     description: 'The browser package manager',
40 silly resolved     author: { name: 'Twitter' },
40 silly resolved     license: 'MIT',
40 silly resolved     repository: { type: 'git', url: 'git+https://github.com/bower/bower.git' },
40 silly resolved     main: 'lib',
40 silly resolved     homepage: 'http://bower.io',
40 silly resolved     engines: { node: '>=0.10.0' },
40 silly resolved     keywords: [ 'bower' ],
40 silly resolved     dependencies:
40 silly resolved      { abbrev: '^1.0.5',
40 silly resolved        archy: '1.0.0',
40 silly resolved        'bower-config': '^1.2.2',
40 silly resolved        'bower-endpoint-parser': '^0.2.2',
40 silly resolved        'bower-json': '^0.4.0',
40 silly resolved        'bower-logger': '^0.2.2',
40 silly resolved        'bower-registry-client': '^1.0.0',
40 silly resolved        cardinal: '0.4.4',
40 silly resolved        chalk: '^1.0.0',
40 silly resolved        chmodr: '^1.0.2',
40 silly resolved        configstore: '^0.3.2',
40 silly resolved        'decompress-zip': '^0.1.0',
40 silly resolved        destroy: '^1.0.3',
40 silly resolved        'fs-write-stream-atomic': '^1.0.4',
40 silly resolved        fstream: '^1.0.3',
40 silly resolved        'fstream-ignore': '^1.0.2',
40 silly resolved        github: '^0.2.3',
40 silly resolved        glob: '^4.3.2',
40 silly resolved        'graceful-fs': '^3.0.5',
40 silly resolved        handlebars: '^2.0.0',
40 silly resolved        inquirer: '0.10.0',
40 silly resolved        insight: '^0.7.0',
40 silly resolved        'is-root': '^1.0.0',
40 silly resolved        junk: '^1.0.0',
40 silly resolved        lockfile: '^1.0.0',
40 silly resolved        'lru-cache': '^2.5.0',
40 silly resolved        'md5-hex': '^1.0.2',
40 silly resolved        mkdirp: '0.5.0',
40 silly resolved        mout: '^0.11.0',
40 silly resolved        nopt: '^3.0.1',
40 silly resolved        opn: '^1.0.1',
40 silly resolved        'p-throttler': '0.1.1',
40 silly resolved        promptly: '0.2.0',
40 silly resolved        q: '^1.1.2',
40 silly resolved        request: '2.53.0',
40 silly resolved        'request-progress': '0.3.1',
40 silly resolved        retry: '0.6.1',
40 silly resolved        rimraf: '^2.2.8',
40 silly resolved        semver: '^2.3.0',
40 silly resolved        'shell-quote': '^1.4.2',
40 silly resolved        'stringify-object': '^1.0.0',
40 silly resolved        'tar-fs': '^1.4.1',
40 silly resolved        tmp: '0.0.24',
40 silly resolved        'update-notifier': '^0.3.0',
40 silly resolved        'user-home': '^1.1.0',
40 silly resolved        which: '^1.0.8' },
40 silly resolved     devDependencies:
40 silly resolved      { chai: '^1.10.0',
40 silly resolved        coveralls: '^2.11.2',
40 silly resolved        'expect.js': '^0.3.1',
40 silly resolved        grunt: '^0.4.5',
40 silly resolved        'grunt-cli': '^0.1.13',
40 silly resolved        'grunt-contrib-jshint': '^0.10.0',
40 silly resolved        'grunt-contrib-watch': '^0.6.1',
40 silly resolved        'grunt-exec': '^0.4.6',
40 silly resolved        'grunt-simple-mocha': '^0.4.0',
40 silly resolved        istanbul: '^0.3.5',
40 silly resolved        'load-grunt-tasks': '^2.0.0',
40 silly resolved        mocha: '^2.1.0',
40 silly resolved        multiline: '^1.0.2',
40 silly resolved        nock: '^2.13.0',
40 silly resolved        'node-uuid': '^1.4.2',
40 silly resolved        'npm-shrinkwrap': '^5.4.1',
40 silly resolved        proxyquire: '^1.3.0',
40 silly resolved        'spawn-sync': '^1.0.5' },
40 silly resolved     scripts: { test: 'grunt test' },
40 silly resolved     bin: { bower: 'bin/bower' },
40 silly resolved     files: [ 'bin', 'lib', 'templates' ],
40 silly resolved     gitHead: 'a022cdc75ee0693af813a87b40f5de4c74b7baae',
40 silly resolved     bugs: { url: 'https://github.com/bower/bower/issues' },
40 silly resolved     bundleDependencies:
40 silly resolved      [ 'abbrev',
40 silly resolved        'archy',
40 silly resolved        'bower-config',
40 silly resolved        'bower-endpoint-parser',
40 silly resolved        'bower-json',
40 silly resolved        'bower-logger',
40 silly resolved        'bower-registry-client',
40 silly resolved        'cardinal',
40 silly resolved        'chalk',
40 silly resolved        'chmodr',
40 silly resolved        'configstore',
40 silly resolved        'decompress-zip',
40 silly resolved        'destroy',
40 silly resolved        'fs-write-stream-atomic',
40 silly resolved        'fstream',
40 silly resolved        'fstream-ignore',
40 silly resolved        'github',
40 silly resolved        'glob',
40 silly resolved        'graceful-fs',
40 silly resolved        'handlebars',
40 silly resolved        'inquirer',
40 silly resolved        'insight',
40 silly resolved        'is-root',
40 silly resolved        'junk',
40 silly resolved        'lockfile',
40 silly resolved        'lru-cache',
40 silly resolved        'md5-hex',
40 silly resolved        'mkdirp',
40 silly resolved        'mout',
40 silly resolved        'nopt',
40 silly resolved        'opn',
40 silly resolved        'p-throttler',
40 silly resolved        'promptly',
40 silly resolved        'q',
40 silly resolved        'request',
40 silly resolved        'request-progress',
40 silly resolved        'retry',
40 silly resolved        'rimraf',
40 silly resolved        'semver',
40 silly resolved        'shell-quote',
40 silly resolved        'stringify-object',
40 silly resolved        'tar-fs',
40 silly resolved        'tmp',
40 silly resolved        'update-notifier',
40 silly resolved        'user-home',
40 silly resolved        'which' ],
40 silly resolved     _id: 'bower@1.6.5',
40 silly resolved     _shasum: '59d457122a161e42cc1625bbab8179c214b7ac11',
40 silly resolved     _from: 'bower@',
40 silly resolved     _npmVersion: '2.14.8',
40 silly resolved     _nodeVersion: '4.1.1',
40 silly resolved     _npmUser: { name: 'sheerun', email: 'sheerun@sher.pl' },
40 silly resolved     dist:
40 silly resolved      { shasum: '59d457122a161e42cc1625bbab8179c214b7ac11',
40 silly resolved        tarball: 'http://registry.npmjs.org/bower/-/bower-1.6.5.tgz' },
40 silly resolved     maintainers: [ [Object], [Object], [Object], [Object], [Object], [Object] ],
40 silly resolved     directories: {},
40 silly resolved     _resolved: 'https://registry.npmjs.org/bower/-/bower-1.6.5.tgz',
40 silly resolved     readme: 'ERROR: No README data found!' } ]
41 info install bower@1.6.5 into /usr/lib
42 info installOne bower@1.6.5
43 verbose lib/node_modules/bower unbuild
44 verbose tar unpack /home/mokhles/.npm/bower/1.6.5/package.tgz
45 silly lockFile 6f53a3f9-tar-usr-lib-node-modules-bower tar:///usr/lib/node_modules/bower
46 verbose lock tar:///usr/lib/node_modules/bower /home/mokhles/.npm/6f53a3f9-tar-usr-lib-node-modules-bower.lock
47 silly lockFile 64af9f37-hles-npm-bower-1-6-5-package-tgz tar:///home/mokhles/.npm/bower/1.6.5/package.tgz
48 verbose lock tar:///home/mokhles/.npm/bower/1.6.5/package.tgz /home/mokhles/.npm/64af9f37-hles-npm-bower-1-6-5-package-tgz.lock
49 silly gunzTarPerm modes [ '775', '664' ]
50 error Error: EACCES, mkdir '/usr/lib/node_modules/bower'
50 error  { [Error: EACCES, mkdir '/usr/lib/node_modules/bower']
50 error   errno: 3,
50 error   code: 'EACCES',
50 error   path: '/usr/lib/node_modules/bower',
50 error   fstream_type: 'Directory',
50 error   fstream_path: '/usr/lib/node_modules/bower',
50 error   fstream_class: 'DirWriter',
50 error   fstream_stack:
50 error    [ '/usr/lib/node_modules/npm/node_modules/fstream/lib/dir-writer.js:36:23',
50 error      '/usr/lib/node_modules/npm/node_modules/mkdirp/index.js:46:53',
50 error      'Object.oncomplete (fs.js:108:15)' ] }
51 error Please try running this command again as root/Administrator.
52 error System Linux 3.2.0-94-generic
53 error command "/usr/bin/node" "/usr/bin/npm" "install" "-g" "bower"
54 error cwd /home/mokhles/recette_social_network
55 error node -v v0.10.37
56 error npm -v 1.4.28
57 error path /usr/lib/node_modules/bower
58 error fstream_path /usr/lib/node_modules/bower
59 error fstream_type Directory
60 error fstream_class DirWriter
61 error code EACCES
62 error errno 3
63 error stack Error: EACCES, mkdir '/usr/lib/node_modules/bower'
64 error fstream_stack /usr/lib/node_modules/npm/node_modules/fstream/lib/dir-writer.js:36:23
64 error fstream_stack /usr/lib/node_modules/npm/node_modules/mkdirp/index.js:46:53
64 error fstream_stack Object.oncomplete (fs.js:108:15)
65 verbose exit [ 3, true ]
